<?xml version="1.0" encoding="UTF-8"?>
<!-- Generated by org.testng.reporters.JUnitReportReporter -->
<testsuite skipped="0" hostname="HAWKEYE" name="Package.AppTest" tests="1" failures="0" timestamp="2021-06-08T16:29:23 IST" time="7.090" errors="0">
  <testcase name="SampleTest" time="7.090" classname="Package.AppTest"/>
  <system-out/>
</testsuite> <!-- Package.AppTest -->
